# JRE version: OpenJDK Runtime Environment (23.0.1+11) (build 23.0.1+11-39)
# Java VM: OpenJDK 64-Bit Server VM (23.0.1+11-39, mixed mode, sharing, tiered, compressed oops, compressed class ptrs, g1 gc, windows-amd64)
GC Precious Log:
 CardTable entry size: 512
 Card Set container configuration: InlinePtr #cards 4 size 8 Array Of Cards #cards 16 size 48 Howl #buckets 8 coarsen threshold 3686 Howl Bitmap #cards 512 size 80 coarsen threshold 460 Card regions per heap region 1 cards per card region 4096
 CPUs: 12 total, 12 available
 Memory: 16071M
 Large Page Support: Disabled
 NUMA Support: Disabled
 Compressed Oops: Enabled (Zero based)
 Heap Region Size: 2M
 Heap Min Capacity: 8M
 Heap Initial Capacity: 252M
 Heap Max Capacity: 4018M
 Pre-touch: Disabled
 Parallel Workers: 10
 Concurrent Workers: 3
 Concurrent Refinement Workers: 10
 Periodic GC: Disabled
Heap:
 garbage-first heap   total reserved 4114432K, committed 112640K, used 76830K [0x0000000704e00000, 0x0000000800000000)
  region size 2048K, 16 young (32768K), 3 survivors (6144K)
 Metaspace       used 38351K, committed 38976K, reserved 1114112K
  class space    used 4533K, committed 4800K, reserved 1048576K
GC Heap History (20 events):
Event: 23.893 GC heap before
{Heap before GC invocations=6 (full 0):
 garbage-first heap   total reserved 4114432K, committed 81920K, used 80902K [0x0000000704e00000, 0x0000000800000000)
  region size 2048K, 32 young (65536K), 4 survivors (8192K)
 Metaspace       used 27279K, committed 27584K, reserved 1114112K
  class space    used 3206K, committed 3328K, reserved 1048576K
}
Event: 23.944 GC heap after
{Heap after GC invocations=7 (full 0):
 garbage-first heap   total reserved 4114432K, committed 108544K, used 39084K [0x0000000704e00000, 0x0000000800000000)
  region size 2048K, 8 young (16384K), 8 survivors (16384K)
 Metaspace       used 27279K, committed 27584K, reserved 1114112K
  class space    used 3206K, committed 3328K, reserved 1048576K
}
Event: 27.358 GC heap before
{Heap before GC invocations=7 (full 0):
 garbage-first heap   total reserved 4114432K, committed 108544K, used 82092K [0x0000000704e00000, 0x0000000800000000)
  region size 2048K, 29 young (59392K), 8 survivors (16384K)
 Metaspace       used 29838K, committed 30208K, reserved 1114112K
  class space    used 3507K, committed 3648K, reserved 1048576K
}
Event: 27.391 GC heap after
{Heap after GC invocations=8 (full 0):
 garbage-first heap   total reserved 4114432K, committed 108544K, used 44197K [0x0000000704e00000, 0x0000000800000000)
  region size 2048K, 2 young (4096K), 2 survivors (4096K)
 Metaspace       used 29838K, committed 30208K, reserved 1114112K
  class space    used 3507K, committed 3648K, reserved 1048576K
}
Event: 30.455 GC heap before
{Heap before GC invocations=8 (full 0):
 garbage-first heap   total reserved 4114432K, committed 108544K, used 87205K [0x0000000704e00000, 0x0000000800000000)
  region size 2048K, 23 young (47104K), 2 survivors (4096K)
 Metaspace       used 31616K, committed 32192K, reserved 1114112K
  class space    used 3702K, committed 3968K, reserved 1048576K
}
Event: 30.471 GC heap after
{Heap after GC invocations=9 (full 0):
 garbage-first heap   total reserved 4114432K, committed 108544K, used 43355K [0x0000000704e00000, 0x0000000800000000)
  region size 2048K, 2 young (4096K), 2 survivors (4096K)
 Metaspace       used 31616K, committed 32192K, reserved 1114112K
  class space    used 3702K, committed 3968K, reserved 1048576K
}
Event: 32.387 GC heap before
{Heap before GC invocations=9 (full 0):
 garbage-first heap   total reserved 4114432K, committed 108544K, used 88411K [0x0000000704e00000, 0x0000000800000000)
  region size 2048K, 24 young (49152K), 2 survivors (4096K)
 Metaspace       used 32091K, committed 32640K, reserved 1114112K
  class space    used 3755K, committed 4032K, reserved 1048576K
}
Event: 32.419 GC heap after
{Heap after GC invocations=10 (full 0):
 garbage-first heap   total reserved 4114432K, committed 108544K, used 56267K [0x0000000704e00000, 0x0000000800000000)
  region size 2048K, 3 young (6144K), 3 survivors (6144K)
 Metaspace       used 32091K, committed 32640K, reserved 1114112K
  class space    used 3755K, committed 4032K, reserved 1048576K
}
Event: 33.148 GC heap before
{Heap before GC invocations=10 (full 0):
 garbage-first heap   total reserved 4114432K, committed 108544K, used 89035K [0x0000000704e00000, 0x0000000800000000)
  region size 2048K, 19 young (38912K), 3 survivors (6144K)
 Metaspace       used 32115K, committed 32704K, reserved 1114112K
  class space    used 3755K, committed 4032K, reserved 1048576K
}
Event: 33.180 GC heap after
{Heap after GC invocations=11 (full 0):
 garbage-first heap   total reserved 4114432K, committed 108544K, used 67006K [0x0000000704e00000, 0x0000000800000000)
  region size 2048K, 3 young (6144K), 3 survivors (6144K)
 Metaspace       used 32115K, committed 32704K, reserved 1114112K
  class space    used 3755K, committed 4032K, reserved 1048576K
}
Event: 34.792 GC heap before
{Heap before GC invocations=12 (full 0):
 garbage-first heap   total reserved 4114432K, committed 112640K, used 89534K [0x0000000704e00000, 0x0000000800000000)
  region size 2048K, 14 young (28672K), 3 survivors (6144K)
 Metaspace       used 32760K, committed 33280K, reserved 1114112K
  class space    used 3842K, committed 4096K, reserved 1048576K
}
Event: 34.806 GC heap after
{Heap after GC invocations=13 (full 0):
 garbage-first heap   total reserved 4114432K, committed 112640K, used 71019K [0x0000000704e00000, 0x0000000800000000)
  region size 2048K, 2 young (4096K), 2 survivors (4096K)
 Metaspace       used 32760K, committed 33280K, reserved 1114112K
  class space    used 3842K, committed 4096K, reserved 1048576K
}
Event: 36.223 GC heap before
{Heap before GC invocations=13 (full 0):
 garbage-first heap   total reserved 4114432K, committed 112640K, used 91499K [0x0000000704e00000, 0x0000000800000000)
  region size 2048K, 13 young (26624K), 2 survivors (4096K)
 Metaspace       used 33519K, committed 34112K, reserved 1114112K
  class space    used 3923K, committed 4224K, reserved 1048576K
}
Event: 36.244 GC heap after
{Heap after GC invocations=14 (full 0):
 garbage-first heap   total reserved 4114432K, committed 112640K, used 61602K [0x0000000704e00000, 0x0000000800000000)
  region size 2048K, 1 young (2048K), 1 survivors (2048K)
 Metaspace       used 33519K, committed 34112K, reserved 1114112K
  class space    used 3923K, committed 4224K, reserved 1048576K
}
Event: 37.865 GC heap before
{Heap before GC invocations=14 (full 0):
 garbage-first heap   total reserved 4114432K, committed 112640K, used 92322K [0x0000000704e00000, 0x0000000800000000)
  region size 2048K, 16 young (32768K), 1 survivors (2048K)
 Metaspace       used 35121K, committed 35776K, reserved 1114112K
  class space    used 4130K, committed 4416K, reserved 1048576K
}
Event: 37.873 GC heap after
{Heap after GC invocations=15 (full 0):
 garbage-first heap   total reserved 4114432K, committed 112640K, used 63555K [0x0000000704e00000, 0x0000000800000000)
  region size 2048K, 2 young (4096K), 2 survivors (4096K)
 Metaspace       used 35121K, committed 35776K, reserved 1114112K
  class space    used 4130K, committed 4416K, reserved 1048576K
}
Event: 39.853 GC heap before
{Heap before GC invocations=16 (full 0):
 garbage-first heap   total reserved 4114432K, committed 112640K, used 90179K [0x0000000704e00000, 0x0000000800000000)
  region size 2048K, 17 young (34816K), 2 survivors (4096K)
 Metaspace       used 36790K, committed 37440K, reserved 1114112K
  class space    used 4337K, committed 4608K, reserved 1048576K
}
Event: 39.864 GC heap after
{Heap after GC invocations=17 (full 0):
 garbage-first heap   total reserved 4114432K, committed 112640K, used 62450K [0x0000000704e00000, 0x0000000800000000)
  region size 2048K, 2 young (4096K), 2 survivors (4096K)
 Metaspace       used 36790K, committed 37440K, reserved 1114112K
  class space    used 4337K, committed 4608K, reserved 1048576K
}
Event: 41.250 GC heap before
{Heap before GC invocations=17 (full 0):
 garbage-first heap   total reserved 4114432K, committed 112640K, used 95218K [0x0000000704e00000, 0x0000000800000000)
  region size 2048K, 19 young (38912K), 2 survivors (4096K)
 Metaspace       used 37569K, committed 38208K, reserved 1114112K
  class space    used 4443K, committed 4736K, reserved 1048576K
}
Event: 41.267 GC heap after
{Heap after GC invocations=18 (full 0):
 garbage-first heap   total reserved 4114432K, committed 112640K, used 54302K [0x0000000704e00000, 0x0000000800000000)
  region size 2048K, 3 young (6144K), 3 survivors (6144K)
 Metaspace       used 37569K, committed 38208K, reserved 1114112K
  class space    used 4443K, committed 4736K, reserved 1048576K
}

